<?xml version="1.0" encoding="UTF-8"?>
<!-- Generated by org.testng.reporters.JUnitReportReporter -->
<testsuite skipped="0" hostname="Dell-PC" name="scripts.InvalidLogin" tests="1" failures="0" timestamp="13 Dec 2017 12:32:37 GMT" time="10.052" errors="0">
  <testcase name="testInvalidLogin" time="10.052" classname="scripts.InvalidLogin"/>
</testsuite> <!-- scripts.InvalidLogin -->
